# JRE version: OpenJDK Runtime Environment Temurin-17.0.9+9 (17.0.9+9) (build 17.0.9+9)
# Java VM: OpenJDK 64-Bit Server VM Temurin-17.0.9+9 (17.0.9+9, mixed mode, tiered, compressed oops, compressed class ptrs, g1 gc, windows-amd64)
GC Precious Log:
 CPUs: 4 total, 4 available
 Memory: 3470M
 Large Page Support: Disabled
 NUMA Support: Disabled
 Compressed Oops: Enabled (32-bit)
 Heap Region Size: 1M
 Heap Min Capacity: 8M
 Heap Initial Capacity: 56M
 Heap Max Capacity: 868M
 Pre-touch: Disabled
 Parallel Workers: 4
 Concurrent Workers: 1
 Concurrent Refinement Workers: 4
 Periodic GC: Disabled
Heap:
 garbage-first heap   total 45056K, used 31950K [0x00000000c9c00000, 0x0000000100000000)
  region size 1024K, 2 young (2048K), 1 survivors (1024K)
 Metaspace       used 34147K, committed 34496K, reserved 1114112K
  class space    used 3943K, committed 4096K, reserved 1048576K
GC Heap History (20 events):
Event: 7.132 GC heap before
{Heap before GC invocations=1 (full 0):
 garbage-first heap   total 57344K, used 15351K [0x00000000c9c00000, 0x0000000100000000)
  region size 1024K, 14 young (14336K), 2 survivors (2048K)
 Metaspace       used 16603K, committed 16768K, reserved 1114112K
  class space    used 1682K, committed 1792K, reserved 1048576K
}
Event: 7.135 GC heap after
{Heap after GC invocations=2 (full 0):
 garbage-first heap   total 57344K, used 4737K [0x00000000c9c00000, 0x0000000100000000)
  region size 1024K, 1 young (1024K), 1 survivors (1024K)
 Metaspace       used 16603K, committed 16768K, reserved 1114112K
  class space    used 1682K, committed 1792K, reserved 1048576K
}
Event: 8.324 GC heap before
{Heap before GC invocations=2 (full 0):
 garbage-first heap   total 57344K, used 22145K [0x00000000c9c00000, 0x0000000100000000)
  region size 1024K, 20 young (20480K), 1 survivors (1024K)
 Metaspace       used 21272K, committed 21504K, reserved 1114112K
  class space    used 2248K, committed 2368K, reserved 1048576K
}
Event: 8.327 GC heap after
{Heap after GC invocations=3 (full 0):
 garbage-first heap   total 57344K, used 6347K [0x00000000c9c00000, 0x0000000100000000)
  region size 1024K, 3 young (3072K), 3 survivors (3072K)
 Metaspace       used 21272K, committed 21504K, reserved 1114112K
  class space    used 2248K, committed 2368K, reserved 1048576K
}
Event: 9.910 GC heap before
{Heap before GC invocations=4 (full 0):
 garbage-first heap   total 27648K, used 19659K [0x00000000c9c00000, 0x0000000100000000)
  region size 1024K, 17 young (17408K), 3 survivors (3072K)
 Metaspace       used 24316K, committed 24576K, reserved 1114112K
  class space    used 2693K, committed 2816K, reserved 1048576K
}
Event: 9.916 GC heap after
{Heap after GC invocations=5 (full 0):
 garbage-first heap   total 27648K, used 7546K [0x00000000c9c00000, 0x0000000100000000)
  region size 1024K, 4 young (4096K), 4 survivors (4096K)
 Metaspace       used 24316K, committed 24576K, reserved 1114112K
  class space    used 2693K, committed 2816K, reserved 1048576K
}
Event: 16.480 GC heap before
{Heap before GC invocations=5 (full 0):
 garbage-first heap   total 27648K, used 17786K [0x00000000c9c00000, 0x0000000100000000)
  region size 1024K, 14 young (14336K), 4 survivors (4096K)
 Metaspace       used 27506K, committed 27904K, reserved 1114112K
  class space    used 3055K, committed 3264K, reserved 1048576K
}
Event: 16.487 GC heap after
{Heap after GC invocations=6 (full 0):
 garbage-first heap   total 27648K, used 9508K [0x00000000c9c00000, 0x0000000100000000)
  region size 1024K, 2 young (2048K), 2 survivors (2048K)
 Metaspace       used 27506K, committed 27904K, reserved 1114112K
  class space    used 3055K, committed 3264K, reserved 1048576K
}
Event: 18.167 GC heap before
{Heap before GC invocations=6 (full 0):
 garbage-first heap   total 27648K, used 17700K [0x00000000c9c00000, 0x0000000100000000)
  region size 1024K, 10 young (10240K), 2 survivors (2048K)
 Metaspace       used 30620K, committed 30912K, reserved 1114112K
  class space    used 3467K, committed 3584K, reserved 1048576K
}
Event: 18.170 GC heap after
{Heap after GC invocations=7 (full 0):
 garbage-first heap   total 27648K, used 10186K [0x00000000c9c00000, 0x0000000100000000)
  region size 1024K, 1 young (1024K), 1 survivors (1024K)
 Metaspace       used 30620K, committed 30912K, reserved 1114112K
  class space    used 3467K, committed 3584K, reserved 1048576K
}
Event: 27.786 GC heap before
{Heap before GC invocations=7 (full 0):
 garbage-first heap   total 27648K, used 18378K [0x00000000c9c00000, 0x0000000100000000)
  region size 1024K, 9 young (9216K), 1 survivors (1024K)
 Metaspace       used 32635K, committed 33024K, reserved 1114112K
  class space    used 3755K, committed 3968K, reserved 1048576K
}
Event: 27.789 GC heap after
{Heap after GC invocations=8 (full 0):
 garbage-first heap   total 27648K, used 10554K [0x00000000c9c00000, 0x0000000100000000)
  region size 1024K, 2 young (2048K), 2 survivors (2048K)
 Metaspace       used 32635K, committed 33024K, reserved 1114112K
  class space    used 3755K, committed 3968K, reserved 1048576K
}
Event: 54.000 GC heap before
{Heap before GC invocations=8 (full 0):
 garbage-first heap   total 27648K, used 18746K [0x00000000c9c00000, 0x0000000100000000)
  region size 1024K, 10 young (10240K), 2 survivors (2048K)
 Metaspace       used 33847K, committed 34240K, reserved 1114112K
  class space    used 3919K, committed 4096K, reserved 1048576K
}
Event: 54.041 GC heap after
{Heap after GC invocations=9 (full 0):
 garbage-first heap   total 27648K, used 13172K [0x00000000c9c00000, 0x0000000100000000)
  region size 1024K, 1 young (1024K), 1 survivors (1024K)
 Metaspace       used 33847K, committed 34240K, reserved 1114112K
  class space    used 3919K, committed 4096K, reserved 1048576K
}
Event: 54.072 GC heap before
{Heap before GC invocations=9 (full 0):
 garbage-first heap   total 27648K, used 15220K [0x00000000c9c00000, 0x0000000100000000)
  region size 1024K, 1 young (1024K), 1 survivors (1024K)
 Metaspace       used 33848K, committed 34240K, reserved 1114112K
  class space    used 3919K, committed 4096K, reserved 1048576K
}
Event: 54.074 GC heap after
{Heap after GC invocations=10 (full 0):
 garbage-first heap   total 27648K, used 15220K [0x00000000c9c00000, 0x0000000100000000)
  region size 1024K, 1 young (1024K), 1 survivors (1024K)
 Metaspace       used 33848K, committed 34240K, reserved 1114112K
  class space    used 3919K, committed 4096K, reserved 1048576K
}
Event: 54.274 GC heap before
{Heap before GC invocations=11 (full 0):
 garbage-first heap   total 35840K, used 22388K [0x00000000c9c00000, 0x0000000100000000)
  region size 1024K, 2 young (2048K), 1 survivors (1024K)
 Metaspace       used 33848K, committed 34240K, reserved 1114112K
  class space    used 3919K, committed 4096K, reserved 1048576K
}
Event: 54.277 GC heap after
{Heap after GC invocations=12 (full 0):
 garbage-first heap   total 35840K, used 17294K [0x00000000c9c00000, 0x0000000100000000)
  region size 1024K, 1 young (1024K), 1 survivors (1024K)
 Metaspace       used 33848K, committed 34240K, reserved 1114112K
  class space    used 3919K, committed 4096K, reserved 1048576K
}
Event: 92.192 GC heap before
{Heap before GC invocations=13 (full 0):
 garbage-first heap   total 45056K, used 39822K [0x00000000c9c00000, 0x0000000100000000)
  region size 1024K, 7 young (7168K), 1 survivors (1024K)
 Metaspace       used 34127K, committed 34496K, reserved 1114112K
  class space    used 3943K, committed 4096K, reserved 1048576K
}
Event: 92.257 GC heap after
{Heap after GC invocations=14 (full 0):
 garbage-first heap   total 45056K, used 20686K [0x00000000c9c00000, 0x0000000100000000)
  region size 1024K, 1 young (1024K), 1 survivors (1024K)
 Metaspace       used 34127K, committed 34496K, reserved 1114112K
  class space    used 3943K, committed 4096K, reserved 1048576K
}

