# JRE version: OpenJDK Runtime Environment Temurin-17.0.9+9 (17.0.9+9) (build 17.0.9+9)
# Java VM: OpenJDK 64-Bit Server VM Temurin-17.0.9+9 (17.0.9+9, mixed mode, tiered, compressed oops, compressed class ptrs, g1 gc, windows-amd64)
GC Precious Log:
 CPUs: 4 total, 4 available
 Memory: 3470M
 Large Page Support: Disabled
 NUMA Support: Disabled
 Compressed Oops: Enabled (32-bit)
 Heap Region Size: 1M
 Heap Min Capacity: 8M
 Heap Initial Capacity: 56M
 Heap Max Capacity: 868M
 Pre-touch: Disabled
 Parallel Workers: 4
 Concurrent Workers: 1
 Concurrent Refinement Workers: 4
 Periodic GC: Disabled
Heap:
 garbage-first heap   total 27648K, used 18116K [0x00000000c9c00000, 0x0000000100000000)
  region size 1024K, 10 young (10240K), 1 survivors (1024K)
 Metaspace       used 32717K, committed 33088K, reserved 1114112K
  class space    used 3776K, committed 3968K, reserved 1048576K
GC Heap History (14 events):
Event: 1.910 GC heap before
{Heap before GC invocations=0 (full 0):
 garbage-first heap   total 57344K, used 12288K [0x00000000c9c00000, 0x0000000100000000)
  region size 1024K, 13 young (13312K), 0 survivors (0K)
 Metaspace       used 12805K, committed 12992K, reserved 1114112K
  class space    used 1223K, committed 1280K, reserved 1048576K
}
Event: 1.917 GC heap after
{Heap after GC invocations=1 (full 0):
 garbage-first heap   total 57344K, used 3935K [0x00000000c9c00000, 0x0000000100000000)
  region size 1024K, 2 young (2048K), 2 survivors (2048K)
 Metaspace       used 12805K, committed 12992K, reserved 1114112K
  class space    used 1223K, committed 1280K, reserved 1048576K
}
Event: 2.754 GC heap before
{Heap before GC invocations=1 (full 0):
 garbage-first heap   total 57344K, used 16223K [0x00000000c9c00000, 0x0000000100000000)
  region size 1024K, 14 young (14336K), 2 survivors (2048K)
 Metaspace       used 16445K, committed 16704K, reserved 1114112K
  class space    used 1672K, committed 1792K, reserved 1048576K
}
Event: 2.764 GC heap after
{Heap after GC invocations=2 (full 0):
 garbage-first heap   total 57344K, used 4807K [0x00000000c9c00000, 0x0000000100000000)
  region size 1024K, 1 young (1024K), 1 survivors (1024K)
 Metaspace       used 16445K, committed 16704K, reserved 1114112K
  class space    used 1672K, committed 1792K, reserved 1048576K
}
Event: 4.309 GC heap before
{Heap before GC invocations=2 (full 0):
 garbage-first heap   total 57344K, used 23239K [0x00000000c9c00000, 0x0000000100000000)
  region size 1024K, 21 young (21504K), 1 survivors (1024K)
 Metaspace       used 21310K, committed 21504K, reserved 1114112K
  class space    used 2260K, committed 2368K, reserved 1048576K
}
Event: 4.314 GC heap after
{Heap after GC invocations=3 (full 0):
 garbage-first heap   total 57344K, used 6412K [0x00000000c9c00000, 0x0000000100000000)
  region size 1024K, 3 young (3072K), 3 survivors (3072K)
 Metaspace       used 21310K, committed 21504K, reserved 1114112K
  class space    used 2260K, committed 2368K, reserved 1048576K
}
Event: 6.285 GC heap before
{Heap before GC invocations=4 (full 0):
 garbage-first heap   total 27648K, used 19724K [0x00000000c9c00000, 0x0000000100000000)
  region size 1024K, 17 young (17408K), 3 survivors (3072K)
 Metaspace       used 24410K, committed 24768K, reserved 1114112K
  class space    used 2719K, committed 2880K, reserved 1048576K
}
Event: 6.296 GC heap after
{Heap after GC invocations=5 (full 0):
 garbage-first heap   total 27648K, used 7554K [0x00000000c9c00000, 0x0000000100000000)
  region size 1024K, 4 young (4096K), 4 survivors (4096K)
 Metaspace       used 24410K, committed 24768K, reserved 1114112K
  class space    used 2719K, committed 2880K, reserved 1048576K
}
Event: 6.347 GC heap before
{Heap before GC invocations=5 (full 0):
 garbage-first heap   total 27648K, used 8578K [0x00000000c9c00000, 0x0000000100000000)
  region size 1024K, 5 young (5120K), 4 survivors (4096K)
 Metaspace       used 24673K, committed 25024K, reserved 1114112K
  class space    used 2764K, committed 2944K, reserved 1048576K
}
Event: 6.354 GC heap after
{Heap after GC invocations=6 (full 0):
 garbage-first heap   total 27648K, used 7947K [0x00000000c9c00000, 0x0000000100000000)
  region size 1024K, 1 young (1024K), 1 survivors (1024K)
 Metaspace       used 24673K, committed 25024K, reserved 1114112K
  class space    used 2764K, committed 2944K, reserved 1048576K
}
Event: 6.798 GC heap before
{Heap before GC invocations=6 (full 0):
 garbage-first heap   total 27648K, used 17163K [0x00000000c9c00000, 0x0000000100000000)
  region size 1024K, 10 young (10240K), 1 survivors (1024K)
 Metaspace       used 28115K, committed 28480K, reserved 1114112K
  class space    used 3131K, committed 3328K, reserved 1048576K
}
Event: 6.804 GC heap after
{Heap after GC invocations=7 (full 0):
 garbage-first heap   total 27648K, used 9259K [0x00000000c9c00000, 0x0000000100000000)
  region size 1024K, 2 young (2048K), 2 survivors (2048K)
 Metaspace       used 28115K, committed 28480K, reserved 1114112K
  class space    used 3131K, committed 3328K, reserved 1048576K
}
Event: 7.458 GC heap before
{Heap before GC invocations=7 (full 0):
 garbage-first heap   total 27648K, used 16427K [0x00000000c9c00000, 0x0000000100000000)
  region size 1024K, 10 young (10240K), 2 survivors (2048K)
 Metaspace       used 30674K, committed 31040K, reserved 1114112K
  class space    used 3478K, committed 3648K, reserved 1048576K
}
Event: 7.462 GC heap after
{Heap after GC invocations=8 (full 0):
 garbage-first heap   total 27648K, used 9924K [0x00000000c9c00000, 0x0000000100000000)
  region size 1024K, 1 young (1024K), 1 survivors (1024K)
 Metaspace       used 30674K, committed 31040K, reserved 1114112K
  class space    used 3478K, committed 3648K, reserved 1048576K
}

