# JRE version: OpenJDK Runtime Environment Temurin-17.0.9+9 (17.0.9+9) (build 17.0.9+9)
# Java VM: OpenJDK 64-Bit Server VM Temurin-17.0.9+9 (17.0.9+9, mixed mode, tiered, compressed oops, compressed class ptrs, g1 gc, windows-amd64)
GC Precious Log:
 CPUs: 4 total, 4 available
 Memory: 3470M
 Large Page Support: Disabled
 NUMA Support: Disabled
 Compressed Oops: Enabled (32-bit)
 Heap Region Size: 1M
 Heap Min Capacity: 8M
 Heap Initial Capacity: 56M
 Heap Max Capacity: 868M
 Pre-touch: Disabled
 Parallel Workers: 4
 Concurrent Workers: 1
 Concurrent Refinement Workers: 4
 Periodic GC: Disabled
Heap:
 garbage-first heap   total 56320K, used 13081K [0x00000000c9c00000, 0x0000000100000000)
  region size 1024K, 2 young (2048K), 1 survivors (1024K)
 Metaspace       used 34219K, committed 34624K, reserved 1114112K
  class space    used 3971K, committed 4160K, reserved 1048576K
GC Heap History (20 events):
Event: 8.320 GC heap before
{Heap before GC invocations=2 (full 0):
 garbage-first heap   total 57344K, used 23217K [0x00000000c9c00000, 0x0000000100000000)
  region size 1024K, 21 young (21504K), 1 survivors (1024K)
 Metaspace       used 21281K, committed 21504K, reserved 1114112K
  class space    used 2248K, committed 2368K, reserved 1048576K
}
Event: 8.325 GC heap after
{Heap after GC invocations=3 (full 0):
 garbage-first heap   total 57344K, used 6366K [0x00000000c9c00000, 0x0000000100000000)
  region size 1024K, 3 young (3072K), 3 survivors (3072K)
 Metaspace       used 21281K, committed 21504K, reserved 1114112K
  class space    used 2248K, committed 2368K, reserved 1048576K
}
Event: 9.572 GC heap before
{Heap before GC invocations=4 (full 0):
 garbage-first heap   total 27648K, used 19678K [0x00000000c9c00000, 0x0000000100000000)
  region size 1024K, 17 young (17408K), 3 survivors (3072K)
 Metaspace       used 24242K, committed 24512K, reserved 1114112K
  class space    used 2689K, committed 2816K, reserved 1048576K
}
Event: 9.577 GC heap after
{Heap after GC invocations=5 (full 0):
 garbage-first heap   total 27648K, used 7658K [0x00000000c9c00000, 0x0000000100000000)
  region size 1024K, 4 young (4096K), 4 survivors (4096K)
 Metaspace       used 24242K, committed 24512K, reserved 1114112K
  class space    used 2689K, committed 2816K, reserved 1048576K
}
Event: 16.558 GC heap before
{Heap before GC invocations=5 (full 0):
 garbage-first heap   total 27648K, used 17898K [0x00000000c9c00000, 0x0000000100000000)
  region size 1024K, 14 young (14336K), 4 survivors (4096K)
 Metaspace       used 27452K, committed 27776K, reserved 1114112K
  class space    used 3050K, committed 3200K, reserved 1048576K
}
Event: 16.566 GC heap after
{Heap after GC invocations=6 (full 0):
 garbage-first heap   total 27648K, used 9588K [0x00000000c9c00000, 0x0000000100000000)
  region size 1024K, 2 young (2048K), 2 survivors (2048K)
 Metaspace       used 27452K, committed 27776K, reserved 1114112K
  class space    used 3050K, committed 3200K, reserved 1048576K
}
Event: 18.232 GC heap before
{Heap before GC invocations=6 (full 0):
 garbage-first heap   total 27648K, used 17780K [0x00000000c9c00000, 0x0000000100000000)
  region size 1024K, 10 young (10240K), 2 survivors (2048K)
 Metaspace       used 30588K, committed 30848K, reserved 1114112K
  class space    used 3467K, committed 3584K, reserved 1048576K
}
Event: 18.236 GC heap after
{Heap after GC invocations=7 (full 0):
 garbage-first heap   total 27648K, used 10190K [0x00000000c9c00000, 0x0000000100000000)
  region size 1024K, 1 young (1024K), 1 survivors (1024K)
 Metaspace       used 30588K, committed 30848K, reserved 1114112K
  class space    used 3467K, committed 3584K, reserved 1048576K
}
Event: 27.143 GC heap before
{Heap before GC invocations=7 (full 0):
 garbage-first heap   total 27648K, used 17358K [0x00000000c9c00000, 0x0000000100000000)
  region size 1024K, 9 young (9216K), 1 survivors (1024K)
 Metaspace       used 32595K, committed 33024K, reserved 1114112K
  class space    used 3755K, committed 3968K, reserved 1048576K
}
Event: 27.145 GC heap after
{Heap after GC invocations=8 (full 0):
 garbage-first heap   total 27648K, used 10445K [0x00000000c9c00000, 0x0000000100000000)
  region size 1024K, 2 young (2048K), 2 survivors (2048K)
 Metaspace       used 32595K, committed 33024K, reserved 1114112K
  class space    used 3755K, committed 3968K, reserved 1048576K
}
Event: 76.999 GC heap before
{Heap before GC invocations=8 (full 0):
 garbage-first heap   total 27648K, used 18637K [0x00000000c9c00000, 0x0000000100000000)
  region size 1024K, 10 young (10240K), 2 survivors (2048K)
 Metaspace       used 33818K, committed 34176K, reserved 1114112K
  class space    used 3918K, committed 4096K, reserved 1048576K
}
Event: 77.064 GC heap after
{Heap after GC invocations=9 (full 0):
 garbage-first heap   total 27648K, used 13104K [0x00000000c9c00000, 0x0000000100000000)
  region size 1024K, 1 young (1024K), 1 survivors (1024K)
 Metaspace       used 33818K, committed 34176K, reserved 1114112K
  class space    used 3918K, committed 4096K, reserved 1048576K
}
Event: 77.149 GC heap before
{Heap before GC invocations=9 (full 0):
 garbage-first heap   total 27648K, used 15152K [0x00000000c9c00000, 0x0000000100000000)
  region size 1024K, 1 young (1024K), 1 survivors (1024K)
 Metaspace       used 33818K, committed 34176K, reserved 1114112K
  class space    used 3918K, committed 4096K, reserved 1048576K
}
Event: 77.152 GC heap after
{Heap after GC invocations=10 (full 0):
 garbage-first heap   total 27648K, used 15152K [0x00000000c9c00000, 0x0000000100000000)
  region size 1024K, 1 young (1024K), 1 survivors (1024K)
 Metaspace       used 33818K, committed 34176K, reserved 1114112K
  class space    used 3918K, committed 4096K, reserved 1048576K
}
Event: 77.272 GC heap before
{Heap before GC invocations=11 (full 0):
 garbage-first heap   total 34816K, used 20272K [0x00000000c9c00000, 0x0000000100000000)
  region size 1024K, 2 young (2048K), 1 survivors (1024K)
 Metaspace       used 33820K, committed 34176K, reserved 1114112K
  class space    used 3918K, committed 4096K, reserved 1048576K
}
Event: 77.275 GC heap after
{Heap after GC invocations=12 (full 0):
 garbage-first heap   total 34816K, used 16212K [0x00000000c9c00000, 0x0000000100000000)
  region size 1024K, 1 young (1024K), 1 survivors (1024K)
 Metaspace       used 33820K, committed 34176K, reserved 1114112K
  class space    used 3918K, committed 4096K, reserved 1048576K
}
Event: 92.344 GC heap before
{Heap before GC invocations=13 (full 0):
 garbage-first heap   total 56320K, used 52052K [0x00000000c9c00000, 0x0000000100000000)
  region size 1024K, 7 young (7168K), 1 survivors (1024K)
 Metaspace       used 34126K, committed 34496K, reserved 1114112K
  class space    used 3953K, committed 4096K, reserved 1048576K
}
Event: 92.347 GC heap after
{Heap after GC invocations=14 (full 0):
 garbage-first heap   total 56320K, used 17328K [0x00000000c9c00000, 0x0000000100000000)
  region size 1024K, 1 young (1024K), 1 survivors (1024K)
 Metaspace       used 34126K, committed 34496K, reserved 1114112K
  class space    used 3953K, committed 4096K, reserved 1048576K
}
Event: 98.824 GC heap before
{Heap before GC invocations=14 (full 0):
 garbage-first heap   total 56320K, used 18352K [0x00000000c9c00000, 0x0000000100000000)
  region size 1024K, 2 young (2048K), 1 survivors (1024K)
 Metaspace       used 34196K, committed 34624K, reserved 1114112K
  class space    used 3965K, committed 4160K, reserved 1048576K
}
Event: 98.832 GC heap after
{Heap after GC invocations=15 (full 0):
 garbage-first heap   total 56320K, used 13081K [0x00000000c9c00000, 0x0000000100000000)
  region size 1024K, 1 young (1024K), 1 survivors (1024K)
 Metaspace       used 34196K, committed 34624K, reserved 1114112K
  class space    used 3965K, committed 4160K, reserved 1048576K
}

