<?xml version="1.0" encoding="UTF-8"?>
<!-- Generated by org.testng.reporters.JUnitXMLReporter -->
<testsuite ignored="0" hostname="DESKTOP-HA9J99N" failures="1" tests="1" name="Default test" time="39.096" errors="0" timestamp="2024-06-01T18:36:04 IST">
  <testcase classname="io.cucumber.testng.AbstractTestNGCucumberTests" name="runScenario" time="36.866">
    <failure type="java.io.FileNotFoundException" message="C:\Users\ABINESH\OneDrive\Desktop\Mahesh P\BookCart\target\Screenshot (Access is denied)">
      <![CDATA[java.io.FileNotFoundException: C:\Users\ABINESH\OneDrive\Desktop\Mahesh P\BookCart\target\Screenshot (Access is denied)
at java.base/java.io.FileOutputStream.open0(Native Method)
at java.base/java.io.FileOutputStream.open(FileOutputStream.java:293)
at java.base/java.io.FileOutputStream.<init>(FileOutputStream.java:235)
at com.google.common.io.Files$FileByteSink.openStream(Files.java:197)
at com.google.common.io.Files$FileByteSink.openStream(Files.java:185)
at com.google.common.io.ByteSource.copyTo(ByteSource.java:279)
at com.google.common.io.Files.copy(Files.java:328)
at com.base.BaseClassBook.screenShot(BaseClassBook.java:111)
at com.step.TC_HookClass.afterScenario(TC_HookClass.java:23)
]]>
    </failure>
  </testcase> <!-- runScenario -->
</testsuite> <!-- Default test -->
