<?xml version="1.0" encoding="UTF-8"?>
<testng-results ignored="0" total="1" passed="0" failed="1" skipped="0">
  <reporter-output>
  </reporter-output>
  <suite started-at="2024-06-06T13:35:06 IST" name="Default suite" finished-at="2024-06-06T13:35:35 IST" duration-ms="29085">
    <groups>
      <group name="cucumber">
        <method signature="AbstractTestNGCucumberTests.runScenario(io.cucumber.testng.PickleWrapper,io.cucumber.testng.FeatureWrapper)[pri:0, instance:com.runner.TestRunner@7db12bb6]" name="runScenario" class="io.cucumber.testng.AbstractTestNGCucumberTests"/>
      </group> <!-- cucumber -->
    </groups>
    <test started-at="2024-06-06T13:35:06 IST" name="Default test" finished-at="2024-06-06T13:35:35 IST" duration-ms="29085">
      <class name="com.runner.TestRunner">
        <test-method is-config="true" signature="setUpClass(org.testng.ITestContext)[pri:0, instance:com.runner.TestRunner@7db12bb6]" started-at="2024-06-06T13:35:06 IST" name="setUpClass" finished-at="2024-06-06T13:35:08 IST" duration-ms="1252" status="PASS">
          <params>
            <param index="0">
              <value>
                <![CDATA[org.testng.TestRunner@6c3659be]]>
              </value>
            </param>
          </params>
          <reporter-output>
          </reporter-output>
        </test-method> <!-- setUpClass -->
        <test-method signature="runScenario(io.cucumber.testng.PickleWrapper,io.cucumber.testng.FeatureWrapper)[pri:0, instance:com.runner.TestRunner@7db12bb6]" started-at="2024-06-06T13:35:08 IST" name="runScenario" description="Runs Cucumber Scenarios" data-provider="scenarios" finished-at="2024-06-06T13:35:35 IST" duration-ms="27611" status="FAIL">
          <params>
            <param index="0">
              <value>
                <![CDATA["First page automation"]]>
              </value>
            </param>
            <param index="1">
              <value>
                <![CDATA["Book cart page automation"]]>
              </value>
            </param>
          </params>
          <exception class="java.io.FileNotFoundException">
            <message>
              <![CDATA[C:\Users\ABINESH\OneDrive\Desktop\Mahesh P\BookCart\target\Screenshot\ screenshot.png (The system cannot find the path specified)]]>
            </message>
            <full-stacktrace>
              <![CDATA[java.io.FileNotFoundException: C:\Users\ABINESH\OneDrive\Desktop\Mahesh P\BookCart\target\Screenshot\ screenshot.png (The system cannot find the path specified)
at java.base/java.io.FileOutputStream.open0(Native Method)
at java.base/java.io.FileOutputStream.open(FileOutputStream.java:293)
at java.base/java.io.FileOutputStream.<init>(FileOutputStream.java:235)
at com.google.common.io.Files$FileByteSink.openStream(Files.java:197)
at com.google.common.io.Files$FileByteSink.openStream(Files.java:185)
at com.google.common.io.ByteSource.copyTo(ByteSource.java:279)
at com.google.common.io.Files.copy(Files.java:328)
at com.base.BaseClassBook.screenShot(BaseClassBook.java:114)
at com.step.TC_HookClass.afterScenario(TC_HookClass.java:22)
]]>
            </full-stacktrace>
          </exception> <!-- java.io.FileNotFoundException -->
          <reporter-output>
          </reporter-output>
        </test-method> <!-- runScenario -->
        <test-method is-config="true" signature="tearDownClass()[pri:0, instance:com.runner.TestRunner@7db12bb6]" started-at="2024-06-06T13:35:35 IST" name="tearDownClass" finished-at="2024-06-06T13:35:35 IST" duration-ms="164" status="PASS">
          <reporter-output>
          </reporter-output>
        </test-method> <!-- tearDownClass -->
      </class> <!-- com.runner.TestRunner -->
    </test> <!-- Default test -->
  </suite> <!-- Default suite -->
</testng-results>
