<?xml version="1.0" encoding="UTF-8"?>
<testng-results ignored="0" total="1" passed="0" failed="1" skipped="0">
  <reporter-output>
  </reporter-output>
  <suite started-at="2024-06-01T18:35:25 IST" name="Default suite" finished-at="2024-06-01T18:36:04 IST" duration-ms="39096">
    <groups>
      <group name="cucumber">
        <method signature="AbstractTestNGCucumberTests.runScenario(io.cucumber.testng.PickleWrapper,io.cucumber.testng.FeatureWrapper)[pri:0, instance:com.runner.TestRunner@2d52216b]" name="runScenario" class="io.cucumber.testng.AbstractTestNGCucumberTests"/>
      </group> <!-- cucumber -->
    </groups>
    <test started-at="2024-06-01T18:35:25 IST" name="Default test" finished-at="2024-06-01T18:36:04 IST" duration-ms="39096">
      <class name="com.runner.TestRunner">
        <test-method is-config="true" signature="setUpClass(org.testng.ITestContext)[pri:0, instance:com.runner.TestRunner@2d52216b]" started-at="2024-06-01T18:35:25 IST" name="setUpClass" finished-at="2024-06-01T18:35:27 IST" duration-ms="2069" status="PASS">
          <params>
            <param index="0">
              <value>
                <![CDATA[org.testng.TestRunner@2e66bc32]]>
              </value>
            </param>
          </params>
          <reporter-output>
          </reporter-output>
        </test-method> <!-- setUpClass -->
        <test-method signature="runScenario(io.cucumber.testng.PickleWrapper,io.cucumber.testng.FeatureWrapper)[pri:0, instance:com.runner.TestRunner@2d52216b]" started-at="2024-06-01T18:35:27 IST" name="runScenario" description="Runs Cucumber Scenarios" data-provider="scenarios" finished-at="2024-06-01T18:36:04 IST" duration-ms="36866" status="FAIL">
          <params>
            <param index="0">
              <value>
                <![CDATA["Automation of login details without credential"]]>
              </value>
            </param>
            <param index="1">
              <value>
                <![CDATA["Automation for an login page"]]>
              </value>
            </param>
          </params>
          <exception class="java.io.FileNotFoundException">
            <message>
              <![CDATA[C:\Users\ABINESH\OneDrive\Desktop\Mahesh P\BookCart\target\Screenshot (Access is denied)]]>
            </message>
            <full-stacktrace>
              <![CDATA[java.io.FileNotFoundException: C:\Users\ABINESH\OneDrive\Desktop\Mahesh P\BookCart\target\Screenshot (Access is denied)
at java.base/java.io.FileOutputStream.open0(Native Method)
at java.base/java.io.FileOutputStream.open(FileOutputStream.java:293)
at java.base/java.io.FileOutputStream.<init>(FileOutputStream.java:235)
at com.google.common.io.Files$FileByteSink.openStream(Files.java:197)
at com.google.common.io.Files$FileByteSink.openStream(Files.java:185)
at com.google.common.io.ByteSource.copyTo(ByteSource.java:279)
at com.google.common.io.Files.copy(Files.java:328)
at com.base.BaseClassBook.screenShot(BaseClassBook.java:111)
at com.step.TC_HookClass.afterScenario(TC_HookClass.java:23)
]]>
            </full-stacktrace>
          </exception> <!-- java.io.FileNotFoundException -->
          <reporter-output>
          </reporter-output>
        </test-method> <!-- runScenario -->
        <test-method is-config="true" signature="tearDownClass()[pri:0, instance:com.runner.TestRunner@2d52216b]" started-at="2024-06-01T18:36:04 IST" name="tearDownClass" finished-at="2024-06-01T18:36:04 IST" duration-ms="62" status="PASS">
          <reporter-output>
          </reporter-output>
        </test-method> <!-- tearDownClass -->
      </class> <!-- com.runner.TestRunner -->
    </test> <!-- Default test -->
  </suite> <!-- Default suite -->
</testng-results>
